android/app/build/intermediates/manifest_merge_blame_file/googlePlayDebug/manifest-merger-blame-googlePlay-debug-report.txt
1<?xml version="1.0" encoding="utf-8"?>
2<manifest xmlns:android="http://schemas.android.com/apk/res/android"
3    package="io.instamobile"
4    android:versionCode="1"
5    android:versionName="1.0" >
6
7    <uses-sdk
8        android:minSdkVersion="21"
9        android:targetSdkVersion="34" />
10
11    <uses-permission android:name="android.permission.SYSTEM_ALERT_WINDOW" />
11-->src/debug/AndroidManifest.xml:5:5-77
11-->src/debug/AndroidManifest.xml:5:22-75
12    <uses-permission android:name="android.permission.INTERNET" />
12-->src/main/AndroidManifest.xml:4:5-67
12-->src/main/AndroidManifest.xml:4:22-64
13    <uses-permission android:name="android.permission.ACCESS_FINE_LOCATION" />
13-->src/main/AndroidManifest.xml:5:5-79
13-->src/main/AndroidManifest.xml:5:22-76
14    <uses-permission android:name="android.permission.ACCESS_COARSE_LOCATION" />
14-->src/main/AndroidManifest.xml:6:5-81
14-->src/main/AndroidManifest.xml:6:22-78
15    <uses-permission android:name="android.permission.CAMERA" />
15-->src/main/AndroidManifest.xml:7:5-64
15-->src/main/AndroidManifest.xml:7:22-62
16    <uses-permission android:name="android.permission.READ_EXTERNAL_STORAGE" />
16-->src/main/AndroidManifest.xml:8:5-80
16-->src/main/AndroidManifest.xml:8:22-77
17    <uses-permission android:name="android.permission.WRITE_EXTERNAL_STORAGE" />
17-->src/main/AndroidManifest.xml:9:5-81
17-->src/main/AndroidManifest.xml:9:22-78
18
19    <uses-feature android:name="android.hardware.camera" />
19-->src/main/AndroidManifest.xml:10:5-60
19-->src/main/AndroidManifest.xml:10:19-57
20    <uses-feature android:name="android.hardware.camera.autofocus" />
20-->src/main/AndroidManifest.xml:11:5-69
20-->src/main/AndroidManifest.xml:11:19-67
21    <uses-feature
21-->src/main/AndroidManifest.xml:12:5-91
22        android:name="android.hardware.camera.front"
22-->src/main/AndroidManifest.xml:12:19-63
23        android:required="false" />
23-->src/main/AndroidManifest.xml:12:64-88
24
25    <uses-permission android:name="android.permission.ACCESS_NETWORK_STATE" />
25-->src/main/AndroidManifest.xml:14:5-78
25-->src/main/AndroidManifest.xml:14:22-76
26    <uses-permission android:name="android.permission.MODIFY_AUDIO_SETTINGS" />
26-->src/main/AndroidManifest.xml:15:5-80
26-->src/main/AndroidManifest.xml:15:22-77
27    <uses-permission android:name="android.permission.RECORD_AUDIO" />
27-->src/main/AndroidManifest.xml:16:5-71
27-->src/main/AndroidManifest.xml:16:22-68
28    <uses-permission android:name="android.permission.WAKE_LOCK" />
28-->src/main/AndroidManifest.xml:17:5-68
28-->src/main/AndroidManifest.xml:17:22-65
29
30    <queries>
30-->[:expo-document-picker] AndroidManifest.xml:7:5-18:15
31
32        <!-- Query open documents -->
33        <intent>
33-->[:expo-document-picker] AndroidManifest.xml:10:9-17:18
34            <action android:name="android.intent.action.OPEN_DOCUMENT" />
34-->[:expo-document-picker] AndroidManifest.xml:11:13-74
34-->[:expo-document-picker] AndroidManifest.xml:11:21-71
35
36            <category android:name="android.intent.category.DEFAULT" />
36-->[:expo-document-picker] AndroidManifest.xml:13:13-72
36-->[:expo-document-picker] AndroidManifest.xml:13:23-69
37            <category android:name="android.intent.category.OPENABLE" />
37-->[:expo-document-picker] AndroidManifest.xml:14:13-73
37-->[:expo-document-picker] AndroidManifest.xml:14:23-70
38
39            <data android:mimeType="*/*" />
39-->[:expo-document-picker] AndroidManifest.xml:16:13-44
39-->[:expo-document-picker] AndroidManifest.xml:16:19-41
40        </intent>
41        <!-- Query open documents -->
42        <intent>
42-->[:expo-file-system] AndroidManifest.xml:15:9-17:18
43            <action android:name="android.intent.action.OPEN_DOCUMENT_TREE" />
43-->[:expo-file-system] AndroidManifest.xml:16:13-79
43-->[:expo-file-system] AndroidManifest.xml:16:21-76
44        </intent>
45        <intent>
45-->[:expo-image-picker] AndroidManifest.xml:16:9-20:18
46
47            <!-- Required for picking images from the camera roll if targeting API 30 -->
48            <action android:name="android.media.action.IMAGE_CAPTURE" />
48-->[:expo-image-picker] AndroidManifest.xml:19:13-73
48-->[:expo-image-picker] AndroidManifest.xml:19:21-70
49        </intent>
50        <intent>
50-->[:expo-image-picker] AndroidManifest.xml:21:9-25:18
51
52            <!-- Required for picking images from the camera if targeting API 30 -->
53            <action android:name="android.media.action.ACTION_VIDEO_CAPTURE" />
53-->[:expo-image-picker] AndroidManifest.xml:24:13-80
53-->[:expo-image-picker] AndroidManifest.xml:24:21-77
54        </intent>
55        <intent>
55-->[:expo-web-browser] AndroidManifest.xml:8:9-12:18
56
57            <!-- Required for opening tabs if targeting API 30 -->
58            <action android:name="android.support.customtabs.action.CustomTabsService" />
58-->[:expo-web-browser] AndroidManifest.xml:11:13-90
58-->[:expo-web-browser] AndroidManifest.xml:11:21-87
59        </intent>
60        <intent>
60-->[com.github.CanHub:Android-Image-Cropper:4.3.0] AndroidManifest.xml:10:9-16:18
61            <action android:name="android.intent.action.GET_CONTENT" />
61-->[com.github.CanHub:Android-Image-Cropper:4.3.0] AndroidManifest.xml:11:13-72
61-->[com.github.CanHub:Android-Image-Cropper:4.3.0] AndroidManifest.xml:11:21-69
62
63            <category android:name="android.intent.category.OPENABLE" />
63-->[:expo-document-picker] AndroidManifest.xml:14:13-73
63-->[:expo-document-picker] AndroidManifest.xml:14:23-70
64
65            <data android:mimeType="*/*" />
65-->[:expo-document-picker] AndroidManifest.xml:16:13-44
65-->[:expo-document-picker] AndroidManifest.xml:16:19-41
66        </intent>
67    </queries>
68
69    <uses-permission android:name="android.permission.READ_MEDIA_IMAGES" />
69-->[:expo-image-picker] AndroidManifest.xml:12:5-76
69-->[:expo-image-picker] AndroidManifest.xml:12:22-73
70    <uses-permission android:name="android.permission.READ_MEDIA_VIDEO" />
70-->[:expo-image-picker] AndroidManifest.xml:13:5-75
70-->[:expo-image-picker] AndroidManifest.xml:13:22-72
71    <uses-permission android:name="android.permission.FOREGROUND_SERVICE" />
71-->[:expo-location] AndroidManifest.xml:9:5-77
71-->[:expo-location] AndroidManifest.xml:9:22-74
72    <uses-permission android:name="android.permission.RECEIVE_BOOT_COMPLETED" />
72-->[:expo-notifications] AndroidManifest.xml:7:5-81
72-->[:expo-notifications] AndroidManifest.xml:7:22-78
73    <uses-permission android:name="android.permission.POST_NOTIFICATIONS" /> <!-- Required by older versions of Google Play services to create IID tokens -->
73-->[:expo-notifications] AndroidManifest.xml:8:5-77
73-->[:expo-notifications] AndroidManifest.xml:8:22-74
74    <uses-permission android:name="com.google.android.c2dm.permission.RECEIVE" />
74-->[com.google.firebase:firebase-iid:21.1.0] AndroidManifest.xml:26:5-82
74-->[com.google.firebase:firebase-iid:21.1.0] AndroidManifest.xml:26:22-79
75
76    <permission
76-->[androidx.core:core:1.16.0] AndroidManifest.xml:22:5-24:47
77        android:name="io.instamobile.DYNAMIC_RECEIVER_NOT_EXPORTED_PERMISSION"
77-->[androidx.core:core:1.16.0] AndroidManifest.xml:23:9-81
78        android:protectionLevel="signature" />
78-->[androidx.core:core:1.16.0] AndroidManifest.xml:24:9-44
79
80    <uses-permission android:name="io.instamobile.DYNAMIC_RECEIVER_NOT_EXPORTED_PERMISSION" />
80-->[androidx.core:core:1.16.0] AndroidManifest.xml:26:5-97
80-->[androidx.core:core:1.16.0] AndroidManifest.xml:26:22-94
81    <uses-permission android:name="com.google.android.finsky.permission.BIND_GET_INSTALL_REFERRER_SERVICE" />
81-->[com.android.installreferrer:installreferrer:1.0] AndroidManifest.xml:9:5-110
81-->[com.android.installreferrer:installreferrer:1.0] AndroidManifest.xml:9:22-107
82    <uses-permission android:name="com.google.android.providers.gsf.permission.READ_GSERVICES" />
82-->[io.nlopez.smartlocation:library:3.2.11] AndroidManifest.xml:15:5-98
82-->[io.nlopez.smartlocation:library:3.2.11] AndroidManifest.xml:15:22-95
83    <uses-permission android:name="com.google.android.gms.permission.ACTIVITY_RECOGNITION" /> <!-- for android -->
83-->[io.nlopez.smartlocation:library:3.2.11] AndroidManifest.xml:16:5-94
83-->[io.nlopez.smartlocation:library:3.2.11] AndroidManifest.xml:16:22-91
84    <!-- <uses-permission android:name="com.android.launcher.permission.READ_SETTINGS"/> -->
85    <!-- <uses-permission android:name="com.android.launcher.permission.WRITE_SETTINGS"/> -->
86    <!-- <uses-permission android:name="com.android.launcher.permission.INSTALL_SHORTCUT" /> -->
87    <!-- <uses-permission android:name="com.android.launcher.permission.UNINSTALL_SHORTCUT" /> -->
88    <!-- for Samsung -->
89    <uses-permission android:name="com.sec.android.provider.badge.permission.READ" />
89-->[me.leolin:ShortcutBadger:1.1.22] AndroidManifest.xml:19:5-86
89-->[me.leolin:ShortcutBadger:1.1.22] AndroidManifest.xml:19:22-83
90    <uses-permission android:name="com.sec.android.provider.badge.permission.WRITE" /> <!-- for htc -->
90-->[me.leolin:ShortcutBadger:1.1.22] AndroidManifest.xml:20:5-87
90-->[me.leolin:ShortcutBadger:1.1.22] AndroidManifest.xml:20:22-84
91    <uses-permission android:name="com.htc.launcher.permission.READ_SETTINGS" />
91-->[me.leolin:ShortcutBadger:1.1.22] AndroidManifest.xml:23:5-81
91-->[me.leolin:ShortcutBadger:1.1.22] AndroidManifest.xml:23:22-78
92    <uses-permission android:name="com.htc.launcher.permission.UPDATE_SHORTCUT" /> <!-- for sony -->
92-->[me.leolin:ShortcutBadger:1.1.22] AndroidManifest.xml:24:5-83
92-->[me.leolin:ShortcutBadger:1.1.22] AndroidManifest.xml:24:22-80
93    <uses-permission android:name="com.sonyericsson.home.permission.BROADCAST_BADGE" />
93-->[me.leolin:ShortcutBadger:1.1.22] AndroidManifest.xml:27:5-88
93-->[me.leolin:ShortcutBadger:1.1.22] AndroidManifest.xml:27:22-85
94    <uses-permission android:name="com.sonymobile.home.permission.PROVIDER_INSERT_BADGE" /> <!-- for apex -->
94-->[me.leolin:ShortcutBadger:1.1.22] AndroidManifest.xml:28:5-92
94-->[me.leolin:ShortcutBadger:1.1.22] AndroidManifest.xml:28:22-89
95    <uses-permission android:name="com.anddoes.launcher.permission.UPDATE_COUNT" /> <!-- for solid -->
95-->[me.leolin:ShortcutBadger:1.1.22] AndroidManifest.xml:31:5-84
95-->[me.leolin:ShortcutBadger:1.1.22] AndroidManifest.xml:31:22-81
96    <uses-permission android:name="com.majeur.launcher.permission.UPDATE_BADGE" /> <!-- for huawei -->
96-->[me.leolin:ShortcutBadger:1.1.22] AndroidManifest.xml:34:5-83
96-->[me.leolin:ShortcutBadger:1.1.22] AndroidManifest.xml:34:22-80
97    <uses-permission android:name="com.huawei.android.launcher.permission.CHANGE_BADGE" />
97-->[me.leolin:ShortcutBadger:1.1.22] AndroidManifest.xml:37:5-91
97-->[me.leolin:ShortcutBadger:1.1.22] AndroidManifest.xml:37:22-88
98    <uses-permission android:name="com.huawei.android.launcher.permission.READ_SETTINGS" />
98-->[me.leolin:ShortcutBadger:1.1.22] AndroidManifest.xml:38:5-92
98-->[me.leolin:ShortcutBadger:1.1.22] AndroidManifest.xml:38:22-89
99    <uses-permission android:name="com.huawei.android.launcher.permission.WRITE_SETTINGS" /> <!-- for ZUK -->
99-->[me.leolin:ShortcutBadger:1.1.22] AndroidManifest.xml:39:5-93
99-->[me.leolin:ShortcutBadger:1.1.22] AndroidManifest.xml:39:22-90
100    <uses-permission android:name="android.permission.READ_APP_BADGE" /> <!-- for OPPO -->
100-->[me.leolin:ShortcutBadger:1.1.22] AndroidManifest.xml:42:5-73
100-->[me.leolin:ShortcutBadger:1.1.22] AndroidManifest.xml:42:22-70
101    <uses-permission android:name="com.oppo.launcher.permission.READ_SETTINGS" />
101-->[me.leolin:ShortcutBadger:1.1.22] AndroidManifest.xml:45:5-82
101-->[me.leolin:ShortcutBadger:1.1.22] AndroidManifest.xml:45:22-79
102    <uses-permission android:name="com.oppo.launcher.permission.WRITE_SETTINGS" /> <!-- for EvMe -->
102-->[me.leolin:ShortcutBadger:1.1.22] AndroidManifest.xml:46:5-83
102-->[me.leolin:ShortcutBadger:1.1.22] AndroidManifest.xml:46:22-80
103    <uses-permission android:name="me.everything.badger.permission.BADGE_COUNT_READ" />
103-->[me.leolin:ShortcutBadger:1.1.22] AndroidManifest.xml:49:5-88
103-->[me.leolin:ShortcutBadger:1.1.22] AndroidManifest.xml:49:22-85
104    <uses-permission android:name="me.everything.badger.permission.BADGE_COUNT_WRITE" />
104-->[me.leolin:ShortcutBadger:1.1.22] AndroidManifest.xml:50:5-89
104-->[me.leolin:ShortcutBadger:1.1.22] AndroidManifest.xml:50:22-86
105
106    <application
106-->src/main/AndroidManifest.xml:20:5-53:19
107        android:name="io.instamobile.MainApplication"
107-->src/main/AndroidManifest.xml:21:7-38
108        android:allowBackup="false"
108-->src/main/AndroidManifest.xml:25:7-34
109        android:appComponentFactory="androidx.core.app.CoreComponentFactory"
109-->[androidx.core:core:1.16.0] AndroidManifest.xml:28:18-86
110        android:debuggable="true"
111        android:icon="@mipmap/ic_launcher"
111-->src/main/AndroidManifest.xml:23:7-41
112        android:label="@string/app_name"
112-->src/main/AndroidManifest.xml:22:7-39
113        android:roundIcon="@mipmap/ic_launcher_round"
113-->src/main/AndroidManifest.xml:24:7-52
114        android:supportsRtl="true"
114-->[com.facebook.android:facebook-android-sdk:5.15.3] AndroidManifest.xml:28:18-44
115        android:theme="@style/AppTheme"
115-->src/main/AndroidManifest.xml:26:7-38
116        android:usesCleartextTraffic="true" >
116-->src/debug/AndroidManifest.xml:8:9-44
117        <activity
117-->src/main/AndroidManifest.xml:52:7-108
118            android:name="com.facebook.react.devsupport.DevSettingsActivity"
118-->src/main/AndroidManifest.xml:52:17-81
119            android:exported="true" />
119-->src/main/AndroidManifest.xml:52:82-105
120
121        <meta-data
121-->src/main/AndroidManifest.xml:29:7-31:66
122            android:name="com.google.android.geo.API_KEY"
122-->src/main/AndroidManifest.xml:30:9-54
123            android:value="AIzaSyDOJM4bdpX3wXWQyx1m5mkQCFohWn1S7pI" />
123-->src/main/AndroidManifest.xml:31:9-64
124        <meta-data
124-->src/main/AndroidManifest.xml:32:7-105
125            android:name="com.facebook.sdk.ApplicationId"
125-->src/main/AndroidManifest.xml:32:18-63
126            android:value="@string/facebook_app_id" />
126-->src/main/AndroidManifest.xml:32:64-103
127
128        <activity
128-->src/main/AndroidManifest.xml:33:7-42:18
129            android:name="io.instamobile.SplashActivity"
129-->src/main/AndroidManifest.xml:34:9-39
130            android:exported="true"
130-->src/main/AndroidManifest.xml:37:9-32
131            android:label="@string/app_name"
131-->src/main/AndroidManifest.xml:36:9-41
132            android:theme="@style/SplashTheme" >
132-->src/main/AndroidManifest.xml:35:9-43
133            <intent-filter>
133-->src/main/AndroidManifest.xml:38:9-41:25
134                <action android:name="android.intent.action.MAIN" />
134-->src/main/AndroidManifest.xml:39:13-65
134-->src/main/AndroidManifest.xml:39:21-62
135
136                <category android:name="android.intent.category.LAUNCHER" />
136-->src/main/AndroidManifest.xml:40:13-73
136-->src/main/AndroidManifest.xml:40:23-70
137            </intent-filter>
138        </activity>
139        <activity
139-->src/main/AndroidManifest.xml:43:7-51:18
140            android:name="io.instamobile.MainActivity"
140-->src/main/AndroidManifest.xml:44:9-37
141            android:configChanges="keyboard|keyboardHidden|orientation|screenSize|smallestScreenSize|uiMode"
141-->src/main/AndroidManifest.xml:46:9-105
142            android:exported="true"
142-->src/main/AndroidManifest.xml:50:9-32
143            android:label="@string/app_name"
143-->src/main/AndroidManifest.xml:45:9-41
144            android:launchMode="singleTask"
144-->src/main/AndroidManifest.xml:47:9-40
145            android:screenOrientation="portrait"
145-->src/main/AndroidManifest.xml:48:9-45
146            android:windowSoftInputMode="adjustPan" >
146-->src/main/AndroidManifest.xml:49:9-48
147        </activity>
148
149        <service
149-->[:react-native-firebase_messaging] AndroidManifest.xml:12:9-14:40
150            android:name="io.invertase.firebase.messaging.ReactNativeFirebaseMessagingHeadlessService"
150-->[:react-native-firebase_messaging] AndroidManifest.xml:13:13-103
151            android:exported="false" />
151-->[:react-native-firebase_messaging] AndroidManifest.xml:14:13-37
152        <service
152-->[:react-native-firebase_messaging] AndroidManifest.xml:15:9-21:19
153            android:name="io.invertase.firebase.messaging.ReactNativeFirebaseMessagingService"
153-->[:react-native-firebase_messaging] AndroidManifest.xml:16:13-95
154            android:exported="false" >
154-->[:react-native-firebase_messaging] AndroidManifest.xml:17:13-37
155            <intent-filter>
155-->[:react-native-firebase_messaging] AndroidManifest.xml:18:13-20:29
156                <action android:name="com.google.firebase.MESSAGING_EVENT" />
156-->[:react-native-firebase_messaging] AndroidManifest.xml:19:17-78
156-->[:react-native-firebase_messaging] AndroidManifest.xml:19:25-75
157            </intent-filter>
158        </service>
159
160        <receiver
160-->[:react-native-firebase_messaging] AndroidManifest.xml:23:9-30:20
161            android:name="io.invertase.firebase.messaging.ReactNativeFirebaseMessagingReceiver"
161-->[:react-native-firebase_messaging] AndroidManifest.xml:24:13-96
162            android:exported="true"
162-->[:react-native-firebase_messaging] AndroidManifest.xml:25:13-36
163            android:permission="com.google.android.c2dm.permission.SEND" >
163-->[:react-native-firebase_messaging] AndroidManifest.xml:26:13-73
164            <intent-filter>
164-->[:react-native-firebase_messaging] AndroidManifest.xml:27:13-29:29
165                <action android:name="com.google.android.c2dm.intent.RECEIVE" />
165-->[:react-native-firebase_messaging] AndroidManifest.xml:28:17-81
165-->[:react-native-firebase_messaging] AndroidManifest.xml:28:25-78
166            </intent-filter>
167        </receiver>
168
169        <meta-data
169-->[:react-native-firebase_messaging] AndroidManifest.xml:32:9-34:36
170            android:name="firebase_messaging_auto_init_enabled"
170-->[:react-native-firebase_messaging] AndroidManifest.xml:33:13-64
171            android:value="true" />
171-->[:react-native-firebase_messaging] AndroidManifest.xml:34:13-33
172        <meta-data
172-->[:react-native-firebase_messaging] AndroidManifest.xml:35:9-37:32
173            android:name="com.google.firebase.messaging.default_notification_channel_id"
173-->[:react-native-firebase_messaging] AndroidManifest.xml:36:13-89
174            android:value="" />
174-->[:react-native-firebase_messaging] AndroidManifest.xml:37:13-29
175        <meta-data
175-->[:react-native-firebase_messaging] AndroidManifest.xml:38:9-40:47
176            android:name="com.google.firebase.messaging.default_notification_color"
176-->[:react-native-firebase_messaging] AndroidManifest.xml:39:13-84
177            android:resource="@color/white" />
177-->[:react-native-firebase_messaging] AndroidManifest.xml:40:13-44
178        <meta-data
178-->[:react-native-firebase_app] AndroidManifest.xml:9:9-11:36
179            android:name="app_data_collection_default_enabled"
179-->[:react-native-firebase_app] AndroidManifest.xml:10:13-63
180            android:value="true" />
180-->[:react-native-firebase_app] AndroidManifest.xml:11:13-33
181
182        <service
182-->[:react-native-firebase_app] AndroidManifest.xml:13:9-21:19
183            android:name="com.google.firebase.components.ComponentDiscoveryService"
183-->[:react-native-firebase_app] AndroidManifest.xml:14:13-84
184            android:directBootAware="true"
184-->[:react-native-firebase_app] AndroidManifest.xml:15:13-43
185            android:exported="false" >
185-->[:react-native-firebase_app] AndroidManifest.xml:16:13-37
186            <meta-data
186-->[:react-native-firebase_app] AndroidManifest.xml:18:13-20:85
187                android:name="com.google.firebase.components:io.invertase.firebase.app.ReactNativeFirebaseAppRegistrar"
187-->[:react-native-firebase_app] AndroidManifest.xml:19:17-120
188                android:value="com.google.firebase.components.ComponentRegistrar" />
188-->[:react-native-firebase_app] AndroidManifest.xml:20:17-82
189            <meta-data
189-->[com.google.firebase:firebase-functions:20.2.1] AndroidManifest.xml:17:13-19:85
190                android:name="com.google.firebase.components:com.google.firebase.functions.FunctionsRegistrar"
190-->[com.google.firebase:firebase-functions:20.2.1] AndroidManifest.xml:18:17-111
191                android:value="com.google.firebase.components.ComponentRegistrar" />
191-->[com.google.firebase:firebase-functions:20.2.1] AndroidManifest.xml:19:17-82
192            <meta-data
192-->[com.google.firebase:firebase-iid:21.1.0] AndroidManifest.xml:32:13-34:85
193                android:name="com.google.firebase.components:com.google.firebase.iid.Registrar"
193-->[com.google.firebase:firebase-iid:21.1.0] AndroidManifest.xml:33:17-96
194                android:value="com.google.firebase.components.ComponentRegistrar" />
194-->[com.google.firebase:firebase-iid:21.1.0] AndroidManifest.xml:34:17-82
195            <meta-data
195-->[com.google.firebase:firebase-messaging:23.1.1] AndroidManifest.xml:55:13-57:85
196                android:name="com.google.firebase.components:com.google.firebase.messaging.FirebaseMessagingRegistrar"
196-->[com.google.firebase:firebase-messaging:23.1.1] AndroidManifest.xml:56:17-119
197                android:value="com.google.firebase.components.ComponentRegistrar" />
197-->[com.google.firebase:firebase-messaging:23.1.1] AndroidManifest.xml:57:17-82
198            <meta-data
198-->[com.google.firebase:firebase-auth:21.1.0] AndroidManifest.xml:67:13-69:85
199                android:name="com.google.firebase.components:com.google.firebase.auth.FirebaseAuthRegistrar"
199-->[com.google.firebase:firebase-auth:21.1.0] AndroidManifest.xml:68:17-109
200                android:value="com.google.firebase.components.ComponentRegistrar" />
200-->[com.google.firebase:firebase-auth:21.1.0] AndroidManifest.xml:69:17-82
201            <meta-data
201-->[com.google.firebase:firebase-firestore:24.4.1] AndroidManifest.xml:19:13-21:85
202                android:name="com.google.firebase.components:com.google.firebase.firestore.FirestoreRegistrar"
202-->[com.google.firebase:firebase-firestore:24.4.1] AndroidManifest.xml:20:17-111
203                android:value="com.google.firebase.components.ComponentRegistrar" />
203-->[com.google.firebase:firebase-firestore:24.4.1] AndroidManifest.xml:21:17-82
204            <meta-data
204-->[com.google.firebase:firebase-datatransport:18.1.7] AndroidManifest.xml:27:13-29:85
205                android:name="com.google.firebase.components:com.google.firebase.datatransport.TransportRegistrar"
205-->[com.google.firebase:firebase-datatransport:18.1.7] AndroidManifest.xml:28:17-115
206                android:value="com.google.firebase.components.ComponentRegistrar" />
206-->[com.google.firebase:firebase-datatransport:18.1.7] AndroidManifest.xml:29:17-82
207            <meta-data
207-->[com.google.firebase:firebase-installations:17.1.0] AndroidManifest.xml:17:13-19:85
208                android:name="com.google.firebase.components:com.google.firebase.installations.FirebaseInstallationsRegistrar"
208-->[com.google.firebase:firebase-installations:17.1.0] AndroidManifest.xml:18:17-127
209                android:value="com.google.firebase.components.ComponentRegistrar" />
209-->[com.google.firebase:firebase-installations:17.1.0] AndroidManifest.xml:19:17-82
210        </service>
211
212        <provider
212-->[:react-native-firebase_app] AndroidManifest.xml:23:9-27:38
213            android:name="io.invertase.firebase.app.ReactNativeFirebaseAppInitProvider"
213-->[:react-native-firebase_app] AndroidManifest.xml:24:13-88
214            android:authorities="io.instamobile.reactnativefirebaseappinitprovider"
214-->[:react-native-firebase_app] AndroidManifest.xml:25:13-86
215            android:exported="false"
215-->[:react-native-firebase_app] AndroidManifest.xml:26:13-37
216            android:initOrder="99" />
216-->[:react-native-firebase_app] AndroidManifest.xml:27:13-35
217        <provider
217-->[:react-native-webview] AndroidManifest.xml:8:9-16:20
218            android:name="com.reactnativecommunity.webview.RNCWebViewFileProvider"
218-->[:react-native-webview] AndroidManifest.xml:9:13-83
219            android:authorities="io.instamobile.fileprovider"
219-->[:react-native-webview] AndroidManifest.xml:10:13-64
220            android:exported="false"
220-->[:react-native-webview] AndroidManifest.xml:11:13-37
221            android:grantUriPermissions="true" >
221-->[:react-native-webview] AndroidManifest.xml:12:13-47
222            <meta-data
222-->[:react-native-webview] AndroidManifest.xml:13:13-15:63
223                android:name="android.support.FILE_PROVIDER_PATHS"
223-->[:react-native-webview] AndroidManifest.xml:14:17-67
224                android:resource="@xml/file_provider_paths" />
224-->[:react-native-webview] AndroidManifest.xml:15:17-60
225        </provider>
226        <provider
226-->[:expo-file-system] AndroidManifest.xml:21:9-30:20
227            android:name="expo.modules.filesystem.FileSystemFileProvider"
227-->[:expo-file-system] AndroidManifest.xml:22:13-74
228            android:authorities="io.instamobile.FileSystemFileProvider"
228-->[:expo-file-system] AndroidManifest.xml:23:13-74
229            android:exported="false"
229-->[:expo-file-system] AndroidManifest.xml:24:13-37
230            android:grantUriPermissions="true" >
230-->[:expo-file-system] AndroidManifest.xml:25:13-47
231            <meta-data
231-->[:react-native-webview] AndroidManifest.xml:13:13-15:63
232                android:name="android.support.FILE_PROVIDER_PATHS"
232-->[:react-native-webview] AndroidManifest.xml:14:17-67
233                android:resource="@xml/file_system_provider_paths" />
233-->[:react-native-webview] AndroidManifest.xml:15:17-60
234        </provider>
235
236        <activity
236-->[:expo-image-picker] AndroidManifest.xml:29:9-31:59
237            android:name="com.canhub.cropper.CropImageActivity"
237-->[:expo-image-picker] AndroidManifest.xml:30:13-64
238            android:exported="true"
238-->[com.github.CanHub:Android-Image-Cropper:4.3.0] AndroidManifest.xml:35:13-36
239            android:theme="@style/Base.Theme.AppCompat" /> <!-- https://developer.android.com/guide/topics/manifest/provider-element.html -->
239-->[:expo-image-picker] AndroidManifest.xml:31:13-56
240        <provider
240-->[:expo-image-picker] AndroidManifest.xml:33:9-41:20
241            android:name="expo.modules.imagepicker.fileprovider.ImagePickerFileProvider"
241-->[:expo-image-picker] AndroidManifest.xml:34:13-89
242            android:authorities="io.instamobile.ImagePickerFileProvider"
242-->[:expo-image-picker] AndroidManifest.xml:35:13-75
243            android:exported="false"
243-->[:expo-image-picker] AndroidManifest.xml:36:13-37
244            android:grantUriPermissions="true" >
244-->[:expo-image-picker] AndroidManifest.xml:37:13-47
245            <meta-data
245-->[:react-native-webview] AndroidManifest.xml:13:13-15:63
246                android:name="android.support.FILE_PROVIDER_PATHS"
246-->[:react-native-webview] AndroidManifest.xml:14:17-67
247                android:resource="@xml/image_picker_provider_paths" />
247-->[:react-native-webview] AndroidManifest.xml:15:17-60
248        </provider>
249
250        <service
250-->[:expo-location] AndroidManifest.xml:12:9-15:56
251            android:name="expo.modules.location.services.LocationTaskService"
251-->[:expo-location] AndroidManifest.xml:13:13-78
252            android:exported="false"
252-->[:expo-location] AndroidManifest.xml:14:13-37
253            android:foregroundServiceType="location" />
253-->[:expo-location] AndroidManifest.xml:15:13-53
254        <service
254-->[:expo-notifications] AndroidManifest.xml:11:9-17:19
255            android:name="expo.modules.notifications.service.ExpoFirebaseMessagingService"
255-->[:expo-notifications] AndroidManifest.xml:12:13-91
256            android:exported="false" >
256-->[:expo-notifications] AndroidManifest.xml:13:13-37
257            <intent-filter android:priority="-1" >
257-->[:react-native-firebase_messaging] AndroidManifest.xml:18:13-20:29
258                <action android:name="com.google.firebase.MESSAGING_EVENT" />
258-->[:react-native-firebase_messaging] AndroidManifest.xml:19:17-78
258-->[:react-native-firebase_messaging] AndroidManifest.xml:19:25-75
259            </intent-filter>
260        </service>
261
262        <receiver
262-->[:expo-notifications] AndroidManifest.xml:19:9-31:20
263            android:name="expo.modules.notifications.service.NotificationsService"
263-->[:expo-notifications] AndroidManifest.xml:20:13-83
264            android:enabled="true"
264-->[:expo-notifications] AndroidManifest.xml:21:13-35
265            android:exported="false" >
265-->[:expo-notifications] AndroidManifest.xml:22:13-37
266            <intent-filter android:priority="-1" >
266-->[:expo-notifications] AndroidManifest.xml:23:13-30:29
266-->[:expo-notifications] AndroidManifest.xml:23:28-49
267                <action android:name="expo.modules.notifications.NOTIFICATION_EVENT" />
267-->[:expo-notifications] AndroidManifest.xml:24:17-88
267-->[:expo-notifications] AndroidManifest.xml:24:25-85
268                <action android:name="android.intent.action.BOOT_COMPLETED" />
268-->[:expo-notifications] AndroidManifest.xml:25:17-79
268-->[:expo-notifications] AndroidManifest.xml:25:25-76
269                <action android:name="android.intent.action.REBOOT" />
269-->[:expo-notifications] AndroidManifest.xml:26:17-71